<?xml version="1.0" encoding="UTF-8"?>
<!-- Generated by org.testng.reporters.JUnitXMLReporter -->
<testsuite ignored="0" hostname="DESKTOP-28161K9" failures="0" tests="3" name="Default test" time="22.004" errors="0" timestamp="2023-05-14T23:33:19 IST">
  <testcase classname="frontEndTest.getWebsiteTest" name="launchWeb" time="15.049"/>
  <testcase classname="frontEndTest.loginTest" name="login" time="1.077"/>
  <testcase classname="frontEndTest.completeCheckoutTest" name="checkoutProcess" time="5.722"/>
</testsuite> <!-- Default test -->
