<?xml version="1.0" encoding="UTF-8"?>
<!-- Generated by org.testng.reporters.JUnitXMLReporter -->
<testsuite ignored="2" hostname="DESKTOP-28161K9" failures="0" tests="2" name="Default test" time="13.205" errors="0" timestamp="2023-05-15T22:33:59 IST">
  <testcase classname="frontEndTest.loginTest" name="login" time="0.819"/>
  <testcase classname="frontEndTest.completeCheckoutTest" name="checkoutProcess" time="3.987"/>
  <testcase classname="common.Base" name="@BeforeTest getWebsite" time="0.0">
    <ignored/>
  </testcase> <!-- @BeforeTest getWebsite -->
  <testcase classname="common.Base" name="@AfterTest closeBrowser" time="0.0">
    <ignored/>
  </testcase> <!-- @AfterTest closeBrowser -->
</testsuite> <!-- Default test -->
