<?xml version="1.0" encoding="UTF-8"?>
<testng-results ignored="0" total="1" passed="1" failed="0" skipped="0">
  <reporter-output>
  </reporter-output>
  <suite started-at="2023-05-21T00:01:29 IST" name="Default suite" finished-at="2023-05-21T00:03:08 IST" duration-ms="98740">
    <groups>
    </groups>
    <test started-at="2023-05-21T00:01:29 IST" name="Default test" finished-at="2023-05-21T00:03:08 IST" duration-ms="98740">
      <class name="FrontendTestComponent.listener">
        <test-method signature="initialDemo()[pri:0, instance:FrontendTestComponent.listener@73e22a3d]" started-at="2023-05-21T00:01:29 IST" name="initialDemo" finished-at="2023-05-21T00:03:08 IST" duration-ms="98604" status="PASS">
          <reporter-output>
          </reporter-output>
        </test-method> <!-- initialDemo -->
      </class> <!-- FrontendTestComponent.listener -->
    </test> <!-- Default test -->
  </suite> <!-- Default suite -->
</testng-results>
